2023-01-21 17:53:32,642 INFO com.blink.mediaserver.MediaServer [main] Starting MediaServer using Java 11.0.16.1 on DESKTOP-V32B2V4 with PID 1820 (C:\Users\t3rry327\Desktop\Work\Testing\s3api\target\classes started by t3rry327 in C:\Users\t3rry327\Desktop\Work\Testing\s3api)
2023-01-21 17:53:32,648 INFO com.blink.mediaserver.MediaServer [main] No active profile set, falling back to 1 default profile: "default"
2023-01-21 17:53:33,934 INFO org.apache.catalina.core.StandardService [main] Starting service [Tomcat]
2023-01-21 17:53:33,934 INFO org.apache.catalina.core.StandardEngine [main] Starting Servlet engine: [Apache Tomcat/9.0.70]
2023-01-21 17:53:34,114 INFO org.apache.catalina.core.ContainerBase.[Tomcat].[localhost].[/] [main] Initializing Spring embedded WebApplicationContext
2023-01-21 17:53:35,397 INFO com.blink.mediaserver.MediaServer [main] Started MediaServer in 3.23 seconds (JVM running for 4.388)
2023-01-21 17:53:56,377 INFO org.apache.catalina.core.ContainerBase.[Tomcat].[localhost].[/] [http-nio-8082-exec-1] Initializing Spring DispatcherServlet 'dispatcherServlet'
2023-01-21 17:54:52,665 WARN com.amazonaws.util.Base64 [http-nio-8082-exec-2] JAXB is unavailable. Will fallback to SDK implementation which may be less performant.If you are using Java 9+, you will need to include javax.xml.bind:jaxb-api as a dependency.
2023-01-21 17:55:29,274 INFO com.blink.mediaserver.MediaServer [main] Starting MediaServer using Java 11.0.16.1 on DESKTOP-V32B2V4 with PID 3820 (C:\Users\t3rry327\Desktop\Work\Testing\s3api\target\classes started by t3rry327 in C:\Users\t3rry327\Desktop\Work\Testing\s3api)
2023-01-21 17:55:29,276 INFO com.blink.mediaserver.MediaServer [main] No active profile set, falling back to 1 default profile: "default"
2023-01-21 17:55:30,456 INFO org.apache.catalina.core.StandardService [main] Starting service [Tomcat]
2023-01-21 17:55:30,456 INFO org.apache.catalina.core.StandardEngine [main] Starting Servlet engine: [Apache Tomcat/9.0.70]
2023-01-21 17:55:30,619 INFO org.apache.catalina.core.ContainerBase.[Tomcat].[localhost].[/] [main] Initializing Spring embedded WebApplicationContext
2023-01-21 17:55:31,805 INFO com.blink.mediaserver.MediaServer [main] Started MediaServer in 2.936 seconds (JVM running for 3.969)
2023-01-21 17:55:38,235 INFO org.apache.catalina.core.ContainerBase.[Tomcat].[localhost].[/] [http-nio-8082-exec-1] Initializing Spring DispatcherServlet 'dispatcherServlet'
2023-01-21 17:55:38,950 WARN com.amazonaws.util.Base64 [http-nio-8082-exec-1] JAXB is unavailable. Will fallback to SDK implementation which may be less performant.If you are using Java 9+, you will need to include javax.xml.bind:jaxb-api as a dependency.
2023-01-21 17:56:19,481 INFO com.blink.mediaserver.MediaServer [main] Starting MediaServer using Java 11.0.16.1 on DESKTOP-V32B2V4 with PID 17200 (C:\Users\t3rry327\Desktop\Work\Testing\s3api\target\classes started by t3rry327 in C:\Users\t3rry327\Desktop\Work\Testing\s3api)
2023-01-21 17:56:19,484 INFO com.blink.mediaserver.MediaServer [main] No active profile set, falling back to 1 default profile: "default"
2023-01-21 17:56:20,647 INFO org.apache.catalina.core.StandardService [main] Starting service [Tomcat]
2023-01-21 17:56:20,648 INFO org.apache.catalina.core.StandardEngine [main] Starting Servlet engine: [Apache Tomcat/9.0.70]
2023-01-21 17:56:20,809 INFO org.apache.catalina.core.ContainerBase.[Tomcat].[localhost].[/] [main] Initializing Spring embedded WebApplicationContext
2023-01-21 17:56:21,985 INFO com.blink.mediaserver.MediaServer [main] Started MediaServer in 2.846 seconds (JVM running for 3.806)
2023-01-21 17:56:23,321 INFO org.apache.catalina.core.ContainerBase.[Tomcat].[localhost].[/] [http-nio-8082-exec-1] Initializing Spring DispatcherServlet 'dispatcherServlet'
2023-01-21 17:56:23,908 WARN com.amazonaws.util.Base64 [http-nio-8082-exec-1] JAXB is unavailable. Will fallback to SDK implementation which may be less performant.If you are using Java 9+, you will need to include javax.xml.bind:jaxb-api as a dependency.
2023-01-21 17:57:57,588 INFO com.blink.mediaserver.MediaServer [main] Starting MediaServer using Java 11.0.16.1 on DESKTOP-V32B2V4 with PID 1184 (C:\Users\t3rry327\Desktop\Work\Testing\s3api\target\classes started by t3rry327 in C:\Users\t3rry327\Desktop\Work\Testing\s3api)
2023-01-21 17:57:57,590 INFO com.blink.mediaserver.MediaServer [main] No active profile set, falling back to 1 default profile: "default"
2023-01-21 17:57:58,643 INFO org.apache.catalina.core.StandardService [main] Starting service [Tomcat]
2023-01-21 17:57:58,643 INFO org.apache.catalina.core.StandardEngine [main] Starting Servlet engine: [Apache Tomcat/9.0.70]
2023-01-21 17:57:58,808 INFO org.apache.catalina.core.ContainerBase.[Tomcat].[localhost].[/] [main] Initializing Spring embedded WebApplicationContext
2023-01-21 17:57:59,947 INFO com.blink.mediaserver.MediaServer [main] Started MediaServer in 2.699 seconds (JVM running for 3.652)
2023-01-21 17:58:02,154 INFO org.apache.catalina.core.ContainerBase.[Tomcat].[localhost].[/] [http-nio-8082-exec-1] Initializing Spring DispatcherServlet 'dispatcherServlet'
2023-01-21 17:58:03,035 WARN com.amazonaws.util.Base64 [http-nio-8082-exec-1] JAXB is unavailable. Will fallback to SDK implementation which may be less performant.If you are using Java 9+, you will need to include javax.xml.bind:jaxb-api as a dependency.
2023-01-21 18:05:37,152 INFO com.blink.mediaserver.MediaServer [main] Starting MediaServer using Java 11.0.16.1 on DESKTOP-V32B2V4 with PID 16752 (C:\Users\t3rry327\Desktop\Work\Testing\s3api\target\classes started by t3rry327 in C:\Users\t3rry327\Desktop\Work\Testing\s3api)
2023-01-21 18:05:37,154 INFO com.blink.mediaserver.MediaServer [main] No active profile set, falling back to 1 default profile: "default"
2023-01-21 18:05:38,326 INFO org.apache.catalina.core.StandardService [main] Starting service [Tomcat]
2023-01-21 18:05:38,326 INFO org.apache.catalina.core.StandardEngine [main] Starting Servlet engine: [Apache Tomcat/9.0.70]
2023-01-21 18:05:38,512 INFO org.apache.catalina.core.ContainerBase.[Tomcat].[localhost].[/] [main] Initializing Spring embedded WebApplicationContext
2023-01-21 18:05:39,819 INFO com.blink.mediaserver.MediaServer [main] Started MediaServer in 3.067 seconds (JVM running for 4.437)
2023-01-21 18:05:55,455 INFO org.apache.catalina.core.ContainerBase.[Tomcat].[localhost].[/] [http-nio-8082-exec-2] Initializing Spring DispatcherServlet 'dispatcherServlet'
2023-01-21 18:09:41,024 WARN com.amazonaws.util.Base64 [http-nio-8082-exec-2] JAXB is unavailable. Will fallback to SDK implementation which may be less performant.If you are using Java 9+, you will need to include javax.xml.bind:jaxb-api as a dependency.
2023-01-21 18:09:46,721 INFO com.blink.mediaserver.MediaServer [main] Starting MediaServer using Java 11.0.16.1 on DESKTOP-V32B2V4 with PID 1676 (C:\Users\t3rry327\Desktop\Work\Testing\s3api\target\classes started by t3rry327 in C:\Users\t3rry327\Desktop\Work\Testing\s3api)
2023-01-21 18:09:46,724 INFO com.blink.mediaserver.MediaServer [main] No active profile set, falling back to 1 default profile: "default"
2023-01-21 18:09:47,977 INFO org.apache.catalina.core.StandardService [main] Starting service [Tomcat]
2023-01-21 18:09:47,978 INFO org.apache.catalina.core.StandardEngine [main] Starting Servlet engine: [Apache Tomcat/9.0.70]
2023-01-21 18:09:48,160 INFO org.apache.catalina.core.ContainerBase.[Tomcat].[localhost].[/] [main] Initializing Spring embedded WebApplicationContext
2023-01-21 18:09:49,788 INFO com.blink.mediaserver.MediaServer [main] Started MediaServer in 3.452 seconds (JVM running for 4.576)
2023-01-21 18:09:53,536 INFO org.apache.catalina.core.ContainerBase.[Tomcat].[localhost].[/] [http-nio-8082-exec-1] Initializing Spring DispatcherServlet 'dispatcherServlet'
2023-01-21 18:12:26,346 WARN com.amazonaws.util.Base64 [http-nio-8082-exec-1] JAXB is unavailable. Will fallback to SDK implementation which may be less performant.If you are using Java 9+, you will need to include javax.xml.bind:jaxb-api as a dependency.
2023-01-21 18:12:32,030 INFO com.blink.mediaserver.MediaServer [main] Starting MediaServer using Java 11.0.16.1 on DESKTOP-V32B2V4 with PID 21056 (C:\Users\t3rry327\Desktop\Work\Testing\s3api\target\classes started by t3rry327 in C:\Users\t3rry327\Desktop\Work\Testing\s3api)
2023-01-21 18:12:32,033 INFO com.blink.mediaserver.MediaServer [main] No active profile set, falling back to 1 default profile: "default"
2023-01-21 18:12:33,457 INFO org.apache.catalina.core.StandardService [main] Starting service [Tomcat]
2023-01-21 18:12:33,458 INFO org.apache.catalina.core.StandardEngine [main] Starting Servlet engine: [Apache Tomcat/9.0.70]
2023-01-21 18:12:33,668 INFO org.apache.catalina.core.ContainerBase.[Tomcat].[localhost].[/] [main] Initializing Spring embedded WebApplicationContext
2023-01-21 18:12:35,450 INFO org.apache.catalina.core.ContainerBase.[Tomcat].[localhost].[/] [http-nio-8082-exec-1] Initializing Spring DispatcherServlet 'dispatcherServlet'
2023-01-21 18:12:35,565 INFO com.blink.mediaserver.MediaServer [main] Started MediaServer in 3.946 seconds (JVM running for 5.071)
2023-01-21 18:13:33,217 WARN com.amazonaws.util.Base64 [http-nio-8082-exec-1] JAXB is unavailable. Will fallback to SDK implementation which may be less performant.If you are using Java 9+, you will need to include javax.xml.bind:jaxb-api as a dependency.
2023-01-21 18:13:38,813 INFO com.blink.mediaserver.MediaServer [main] Starting MediaServer using Java 11.0.16.1 on DESKTOP-V32B2V4 with PID 18608 (C:\Users\t3rry327\Desktop\Work\Testing\s3api\target\classes started by t3rry327 in C:\Users\t3rry327\Desktop\Work\Testing\s3api)
2023-01-21 18:13:38,815 INFO com.blink.mediaserver.MediaServer [main] No active profile set, falling back to 1 default profile: "default"
2023-01-21 18:13:39,997 INFO org.apache.catalina.core.StandardService [main] Starting service [Tomcat]
2023-01-21 18:13:39,997 INFO org.apache.catalina.core.StandardEngine [main] Starting Servlet engine: [Apache Tomcat/9.0.70]
2023-01-21 18:13:40,173 INFO org.apache.catalina.core.ContainerBase.[Tomcat].[localhost].[/] [main] Initializing Spring embedded WebApplicationContext
2023-01-21 18:13:41,944 INFO com.blink.mediaserver.MediaServer [main] Started MediaServer in 3.502 seconds (JVM running for 4.556)
2023-01-21 18:13:44,119 INFO org.apache.catalina.core.ContainerBase.[Tomcat].[localhost].[/] [http-nio-8082-exec-1] Initializing Spring DispatcherServlet 'dispatcherServlet'
2023-01-21 18:14:40,477 WARN com.amazonaws.util.Base64 [http-nio-8082-exec-1] JAXB is unavailable. Will fallback to SDK implementation which may be less performant.If you are using Java 9+, you will need to include javax.xml.bind:jaxb-api as a dependency.
2023-01-21 18:14:45,900 INFO com.blink.mediaserver.MediaServer [main] Starting MediaServer using Java 11.0.16.1 on DESKTOP-V32B2V4 with PID 15120 (C:\Users\t3rry327\Desktop\Work\Testing\s3api\target\classes started by t3rry327 in C:\Users\t3rry327\Desktop\Work\Testing\s3api)
2023-01-21 18:14:45,902 INFO com.blink.mediaserver.MediaServer [main] No active profile set, falling back to 1 default profile: "default"
2023-01-21 18:14:47,103 INFO org.apache.catalina.core.StandardService [main] Starting service [Tomcat]
2023-01-21 18:14:47,104 INFO org.apache.catalina.core.StandardEngine [main] Starting Servlet engine: [Apache Tomcat/9.0.70]
2023-01-21 18:14:47,299 INFO org.apache.catalina.core.ContainerBase.[Tomcat].[localhost].[/] [main] Initializing Spring embedded WebApplicationContext
2023-01-21 18:14:48,726 INFO com.blink.mediaserver.MediaServer [main] Started MediaServer in 3.201 seconds (JVM running for 4.234)
2023-01-21 18:14:52,371 INFO org.apache.catalina.core.ContainerBase.[Tomcat].[localhost].[/] [http-nio-8082-exec-3] Initializing Spring DispatcherServlet 'dispatcherServlet'
2023-01-21 18:15:25,484 WARN com.amazonaws.util.Base64 [http-nio-8082-exec-3] JAXB is unavailable. Will fallback to SDK implementation which may be less performant.If you are using Java 9+, you will need to include javax.xml.bind:jaxb-api as a dependency.
2023-01-21 18:15:30,908 INFO com.blink.mediaserver.MediaServer [main] Starting MediaServer using Java 11.0.16.1 on DESKTOP-V32B2V4 with PID 3936 (C:\Users\t3rry327\Desktop\Work\Testing\s3api\target\classes started by t3rry327 in C:\Users\t3rry327\Desktop\Work\Testing\s3api)
2023-01-21 18:15:30,911 INFO com.blink.mediaserver.MediaServer [main] No active profile set, falling back to 1 default profile: "default"
2023-01-21 18:15:32,357 INFO org.apache.catalina.core.StandardService [main] Starting service [Tomcat]
2023-01-21 18:15:32,357 INFO org.apache.catalina.core.StandardEngine [main] Starting Servlet engine: [Apache Tomcat/9.0.70]
2023-01-21 18:15:32,538 INFO org.apache.catalina.core.ContainerBase.[Tomcat].[localhost].[/] [main] Initializing Spring embedded WebApplicationContext
2023-01-21 18:15:34,014 INFO com.blink.mediaserver.MediaServer [main] Started MediaServer in 3.501 seconds (JVM running for 4.52)
2023-01-21 18:15:49,833 INFO org.apache.catalina.core.ContainerBase.[Tomcat].[localhost].[/] [http-nio-8082-exec-1] Initializing Spring DispatcherServlet 'dispatcherServlet'
2023-01-21 18:17:17,177 INFO com.blink.mediaserver.MediaServer [main] Starting MediaServer using Java 11.0.16.1 on DESKTOP-V32B2V4 with PID 14072 (C:\Users\t3rry327\Desktop\Work\Testing\s3api\target\classes started by t3rry327 in C:\Users\t3rry327\Desktop\Work\Testing\s3api)
2023-01-21 18:17:17,180 INFO com.blink.mediaserver.MediaServer [main] No active profile set, falling back to 1 default profile: "default"
2023-01-21 18:17:18,500 INFO org.apache.catalina.core.StandardService [main] Starting service [Tomcat]
2023-01-21 18:17:18,500 INFO org.apache.catalina.core.StandardEngine [main] Starting Servlet engine: [Apache Tomcat/9.0.70]
2023-01-21 18:17:18,681 INFO org.apache.catalina.core.ContainerBase.[Tomcat].[localhost].[/] [main] Initializing Spring embedded WebApplicationContext
2023-01-21 18:17:20,041 INFO com.blink.mediaserver.MediaServer [main] Started MediaServer in 3.303 seconds (JVM running for 4.442)
2023-01-21 18:17:27,576 INFO org.apache.catalina.core.ContainerBase.[Tomcat].[localhost].[/] [http-nio-8082-exec-1] Initializing Spring DispatcherServlet 'dispatcherServlet'
2023-01-25 11:01:21,366 INFO com.blink.mediaserver.MediaServer [main] Starting MediaServer using Java 11.0.18 on DESKTOP-IAHSDFG with PID 17024 (C:\Users\t3rry327\IdeaProjects\mediaserver\target\classes started by t3rry327 in C:\Users\t3rry327\IdeaProjects\mediaserver)
2023-01-25 11:01:21,371 INFO com.blink.mediaserver.MediaServer [main] No active profile set, falling back to 1 default profile: "default"
2023-01-25 11:01:22,677 INFO org.apache.catalina.core.StandardService [main] Starting service [Tomcat]
2023-01-25 11:01:22,677 INFO org.apache.catalina.core.StandardEngine [main] Starting Servlet engine: [Apache Tomcat/9.0.70]
2023-01-25 11:01:22,822 INFO org.apache.catalina.core.ContainerBase.[Tomcat].[localhost].[/] [main] Initializing Spring embedded WebApplicationContext
2023-01-25 11:01:24,373 INFO com.blink.mediaserver.MediaServer [main] Started MediaServer in 3.558 seconds (JVM running for 4.976)
2023-01-25 11:02:02,429 INFO org.apache.catalina.core.ContainerBase.[Tomcat].[localhost].[/] [http-nio-8082-exec-3] Initializing Spring DispatcherServlet 'dispatcherServlet'
2023-01-25 11:02:02,988 ERROR org.apache.catalina.core.ContainerBase.[Tomcat].[localhost].[/].[dispatcherServlet] [http-nio-8082-exec-3] Servlet.service() for servlet [dispatcherServlet] in context with path [] threw exception [Request processing failed; nested exception is com.blink.mediamanager.MediaException: com.amazonaws.services.s3.model.AmazonS3Exception: The specified key does not exist. (Service: Amazon S3; Status Code: 404; Error Code: NoSuchKey; Request ID: 9G39JM61CVGVTVE6; S3 Extended Request ID: ZldNlNyhVtB1T2FNDO/sccvPKZFzgh9md45mhKRWG7boty0eQJgMKEtyPcV+c/sOZKzrtjzR6f4=; Proxy: null), S3 Extended Request ID: ZldNlNyhVtB1T2FNDO/sccvPKZFzgh9md45mhKRWG7boty0eQJgMKEtyPcV+c/sOZKzrtjzR6f4=] with root cause
com.amazonaws.services.s3.model.AmazonS3Exception: The specified key does not exist. (Service: Amazon S3; Status Code: 404; Error Code: NoSuchKey; Request ID: 9G39JM61CVGVTVE6; S3 Extended Request ID: ZldNlNyhVtB1T2FNDO/sccvPKZFzgh9md45mhKRWG7boty0eQJgMKEtyPcV+c/sOZKzrtjzR6f4=; Proxy: null)
	at com.amazonaws.http.AmazonHttpClient$RequestExecutor.handleErrorResponse(AmazonHttpClient.java:1879)
	at com.amazonaws.http.AmazonHttpClient$RequestExecutor.handleServiceErrorResponse(AmazonHttpClient.java:1418)
	at com.amazonaws.http.AmazonHttpClient$RequestExecutor.executeOneRequest(AmazonHttpClient.java:1387)
	at com.amazonaws.http.AmazonHttpClient$RequestExecutor.executeHelper(AmazonHttpClient.java:1157)
	at com.amazonaws.http.AmazonHttpClient$RequestExecutor.doExecute(AmazonHttpClient.java:814)
	at com.amazonaws.http.AmazonHttpClient$RequestExecutor.executeWithTimer(AmazonHttpClient.java:781)
	at com.amazonaws.http.AmazonHttpClient$RequestExecutor.execute(AmazonHttpClient.java:755)
	at com.amazonaws.http.AmazonHttpClient$RequestExecutor.access$500(AmazonHttpClient.java:715)
	at com.amazonaws.http.AmazonHttpClient$RequestExecutionBuilderImpl.execute(AmazonHttpClient.java:697)
	at com.amazonaws.http.AmazonHttpClient.execute(AmazonHttpClient.java:561)
	at com.amazonaws.http.AmazonHttpClient.execute(AmazonHttpClient.java:541)
	at com.amazonaws.services.s3.AmazonS3Client.invoke(AmazonS3Client.java:5456)
	at com.amazonaws.services.s3.AmazonS3Client.invoke(AmazonS3Client.java:5403)
	at com.amazonaws.services.s3.AmazonS3Client.getObject(AmazonS3Client.java:1524)
	at com.amazonaws.services.s3.AmazonS3Client.getObject(AmazonS3Client.java:1378)
	at com.blink.mediamanager.s3.MediaS3.get(MediaS3.java:78)
	at com.blink.mediaserver.controller.MediaController.get(MediaController.java:120)
	at java.base/jdk.internal.reflect.NativeMethodAccessorImpl.invoke0(Native Method)
	at java.base/jdk.internal.reflect.NativeMethodAccessorImpl.invoke(NativeMethodAccessorImpl.java:62)
	at java.base/jdk.internal.reflect.DelegatingMethodAccessorImpl.invoke(DelegatingMethodAccessorImpl.java:43)
	at java.base/java.lang.reflect.Method.invoke(Method.java:566)
	at org.springframework.web.method.support.InvocableHandlerMethod.doInvoke(InvocableHandlerMethod.java:205)
	at org.springframework.web.method.support.InvocableHandlerMethod.invokeForRequest(InvocableHandlerMethod.java:150)
	at org.springframework.web.servlet.mvc.method.annotation.ServletInvocableHandlerMethod.invokeAndHandle(ServletInvocableHandlerMethod.java:117)
	at org.springframework.web.servlet.mvc.method.annotation.RequestMappingHandlerAdapter.invokeHandlerMethod(RequestMappingHandlerAdapter.java:895)
	at org.springframework.web.servlet.mvc.method.annotation.RequestMappingHandlerAdapter.handleInternal(RequestMappingHandlerAdapter.java:808)
	at org.springframework.web.servlet.mvc.method.AbstractHandlerMethodAdapter.handle(AbstractHandlerMethodAdapter.java:87)
	at org.springframework.web.servlet.DispatcherServlet.doDispatch(DispatcherServlet.java:1071)
	at org.springframework.web.servlet.DispatcherServlet.doService(DispatcherServlet.java:964)
	at org.springframework.web.servlet.FrameworkServlet.processRequest(FrameworkServlet.java:1006)
	at org.springframework.web.servlet.FrameworkServlet.doGet(FrameworkServlet.java:898)
	at javax.servlet.http.HttpServlet.service(HttpServlet.java:670)
	at org.springframework.web.servlet.FrameworkServlet.service(FrameworkServlet.java:883)
	at javax.servlet.http.HttpServlet.service(HttpServlet.java:779)
	at org.apache.catalina.core.ApplicationFilterChain.internalDoFilter(ApplicationFilterChain.java:227)
	at org.apache.catalina.core.ApplicationFilterChain.doFilter(ApplicationFilterChain.java:162)
	at org.apache.tomcat.websocket.server.WsFilter.doFilter(WsFilter.java:53)
	at org.apache.catalina.core.ApplicationFilterChain.internalDoFilter(ApplicationFilterChain.java:189)
	at org.apache.catalina.core.ApplicationFilterChain.doFilter(ApplicationFilterChain.java:162)
	at org.springframework.web.filter.CharacterEncodingFilter.doFilterInternal(CharacterEncodingFilter.java:201)
	at org.springframework.web.filter.OncePerRequestFilter.doFilter(OncePerRequestFilter.java:117)
	at org.apache.catalina.core.ApplicationFilterChain.internalDoFilter(ApplicationFilterChain.java:189)
	at org.apache.catalina.core.ApplicationFilterChain.doFilter(ApplicationFilterChain.java:162)
	at org.apache.catalina.core.StandardWrapperValve.invoke(StandardWrapperValve.java:177)
	at org.apache.catalina.core.StandardContextValve.invoke(StandardContextValve.java:97)
	at org.apache.catalina.authenticator.AuthenticatorBase.invoke(AuthenticatorBase.java:541)
	at org.apache.catalina.core.StandardHostValve.invoke(StandardHostValve.java:135)
	at org.apache.catalina.valves.ErrorReportValve.invoke(ErrorReportValve.java:92)
	at org.apache.catalina.core.StandardEngineValve.invoke(StandardEngineValve.java:78)
	at org.apache.catalina.connector.CoyoteAdapter.service(CoyoteAdapter.java:360)
	at org.apache.coyote.http11.Http11Processor.service(Http11Processor.java:399)
	at org.apache.coyote.AbstractProcessorLight.process(AbstractProcessorLight.java:65)
	at org.apache.coyote.AbstractProtocol$ConnectionHandler.process(AbstractProtocol.java:891)
	at org.apache.tomcat.util.net.NioEndpoint$SocketProcessor.doRun(NioEndpoint.java:1784)
	at org.apache.tomcat.util.net.SocketProcessorBase.run(SocketProcessorBase.java:49)
	at org.apache.tomcat.util.threads.ThreadPoolExecutor.runWorker(ThreadPoolExecutor.java:1191)
	at org.apache.tomcat.util.threads.ThreadPoolExecutor$Worker.run(ThreadPoolExecutor.java:659)
	at org.apache.tomcat.util.threads.TaskThread$WrappingRunnable.run(TaskThread.java:61)
	at java.base/java.lang.Thread.run(Thread.java:829)
2023-01-25 11:02:03,160 ERROR org.apache.catalina.core.ContainerBase.[Tomcat].[localhost].[/].[dispatcherServlet] [http-nio-8082-exec-1] Servlet.service() for servlet [dispatcherServlet] in context with path [] threw exception [Request processing failed; nested exception is com.blink.mediamanager.MediaException: com.amazonaws.services.s3.model.AmazonS3Exception: The specified key does not exist. (Service: Amazon S3; Status Code: 404; Error Code: NoSuchKey; Request ID: 9G39HR8WDYFVG2FS; S3 Extended Request ID: bK43meDvm0FkMqvJ/DgAACCXic25yzQP4nMjogjoVfw8NoRqeZsDtpItWP0WikFSDSncJB0ne1I=; Proxy: null), S3 Extended Request ID: bK43meDvm0FkMqvJ/DgAACCXic25yzQP4nMjogjoVfw8NoRqeZsDtpItWP0WikFSDSncJB0ne1I=] with root cause
com.amazonaws.services.s3.model.AmazonS3Exception: The specified key does not exist. (Service: Amazon S3; Status Code: 404; Error Code: NoSuchKey; Request ID: 9G39HR8WDYFVG2FS; S3 Extended Request ID: bK43meDvm0FkMqvJ/DgAACCXic25yzQP4nMjogjoVfw8NoRqeZsDtpItWP0WikFSDSncJB0ne1I=; Proxy: null)
	at com.amazonaws.http.AmazonHttpClient$RequestExecutor.handleErrorResponse(AmazonHttpClient.java:1879)
	at com.amazonaws.http.AmazonHttpClient$RequestExecutor.handleServiceErrorResponse(AmazonHttpClient.java:1418)
	at com.amazonaws.http.AmazonHttpClient$RequestExecutor.executeOneRequest(AmazonHttpClient.java:1387)
	at com.amazonaws.http.AmazonHttpClient$RequestExecutor.executeHelper(AmazonHttpClient.java:1157)
	at com.amazonaws.http.AmazonHttpClient$RequestExecutor.doExecute(AmazonHttpClient.java:814)
	at com.amazonaws.http.AmazonHttpClient$RequestExecutor.executeWithTimer(AmazonHttpClient.java:781)
	at com.amazonaws.http.AmazonHttpClient$RequestExecutor.execute(AmazonHttpClient.java:755)
	at com.amazonaws.http.AmazonHttpClient$RequestExecutor.access$500(AmazonHttpClient.java:715)
	at com.amazonaws.http.AmazonHttpClient$RequestExecutionBuilderImpl.execute(AmazonHttpClient.java:697)
	at com.amazonaws.http.AmazonHttpClient.execute(AmazonHttpClient.java:561)
	at com.amazonaws.http.AmazonHttpClient.execute(AmazonHttpClient.java:541)
	at com.amazonaws.services.s3.AmazonS3Client.invoke(AmazonS3Client.java:5456)
	at com.amazonaws.services.s3.AmazonS3Client.invoke(AmazonS3Client.java:5403)
	at com.amazonaws.services.s3.AmazonS3Client.getObject(AmazonS3Client.java:1524)
	at com.amazonaws.services.s3.AmazonS3Client.getObject(AmazonS3Client.java:1378)
	at com.blink.mediamanager.s3.MediaS3.get(MediaS3.java:78)
	at com.blink.mediaserver.controller.MediaController.get(MediaController.java:120)
	at java.base/jdk.internal.reflect.NativeMethodAccessorImpl.invoke0(Native Method)
	at java.base/jdk.internal.reflect.NativeMethodAccessorImpl.invoke(NativeMethodAccessorImpl.java:62)
	at java.base/jdk.internal.reflect.DelegatingMethodAccessorImpl.invoke(DelegatingMethodAccessorImpl.java:43)
	at java.base/java.lang.reflect.Method.invoke(Method.java:566)
	at org.springframework.web.method.support.InvocableHandlerMethod.doInvoke(InvocableHandlerMethod.java:205)
	at org.springframework.web.method.support.InvocableHandlerMethod.invokeForRequest(InvocableHandlerMethod.java:150)
	at org.springframework.web.servlet.mvc.method.annotation.ServletInvocableHandlerMethod.invokeAndHandle(ServletInvocableHandlerMethod.java:117)
	at org.springframework.web.servlet.mvc.method.annotation.RequestMappingHandlerAdapter.invokeHandlerMethod(RequestMappingHandlerAdapter.java:895)
	at org.springframework.web.servlet.mvc.method.annotation.RequestMappingHandlerAdapter.handleInternal(RequestMappingHandlerAdapter.java:808)
	at org.springframework.web.servlet.mvc.method.AbstractHandlerMethodAdapter.handle(AbstractHandlerMethodAdapter.java:87)
	at org.springframework.web.servlet.DispatcherServlet.doDispatch(DispatcherServlet.java:1071)
	at org.springframework.web.servlet.DispatcherServlet.doService(DispatcherServlet.java:964)
	at org.springframework.web.servlet.FrameworkServlet.processRequest(FrameworkServlet.java:1006)
	at org.springframework.web.servlet.FrameworkServlet.doGet(FrameworkServlet.java:898)
	at javax.servlet.http.HttpServlet.service(HttpServlet.java:670)
	at org.springframework.web.servlet.FrameworkServlet.service(FrameworkServlet.java:883)
	at javax.servlet.http.HttpServlet.service(HttpServlet.java:779)
	at org.apache.catalina.core.ApplicationFilterChain.internalDoFilter(ApplicationFilterChain.java:227)
	at org.apache.catalina.core.ApplicationFilterChain.doFilter(ApplicationFilterChain.java:162)
	at org.apache.tomcat.websocket.server.WsFilter.doFilter(WsFilter.java:53)
	at org.apache.catalina.core.ApplicationFilterChain.internalDoFilter(ApplicationFilterChain.java:189)
	at org.apache.catalina.core.ApplicationFilterChain.doFilter(ApplicationFilterChain.java:162)
	at org.springframework.web.filter.CharacterEncodingFilter.doFilterInternal(CharacterEncodingFilter.java:201)
	at org.springframework.web.filter.OncePerRequestFilter.doFilter(OncePerRequestFilter.java:117)
	at org.apache.catalina.core.ApplicationFilterChain.internalDoFilter(ApplicationFilterChain.java:189)
	at org.apache.catalina.core.ApplicationFilterChain.doFilter(ApplicationFilterChain.java:162)
	at org.apache.catalina.core.StandardWrapperValve.invoke(StandardWrapperValve.java:177)
	at org.apache.catalina.core.StandardContextValve.invoke(StandardContextValve.java:97)
	at org.apache.catalina.authenticator.AuthenticatorBase.invoke(AuthenticatorBase.java:541)
	at org.apache.catalina.core.StandardHostValve.invoke(StandardHostValve.java:135)
	at org.apache.catalina.valves.ErrorReportValve.invoke(ErrorReportValve.java:92)
	at org.apache.catalina.core.StandardEngineValve.invoke(StandardEngineValve.java:78)
	at org.apache.catalina.connector.CoyoteAdapter.service(CoyoteAdapter.java:360)
	at org.apache.coyote.http11.Http11Processor.service(Http11Processor.java:399)
	at org.apache.coyote.AbstractProcessorLight.process(AbstractProcessorLight.java:65)
	at org.apache.coyote.AbstractProtocol$ConnectionHandler.process(AbstractProtocol.java:891)
	at org.apache.tomcat.util.net.NioEndpoint$SocketProcessor.doRun(NioEndpoint.java:1784)
	at org.apache.tomcat.util.net.SocketProcessorBase.run(SocketProcessorBase.java:49)
	at org.apache.tomcat.util.threads.ThreadPoolExecutor.runWorker(ThreadPoolExecutor.java:1191)
	at org.apache.tomcat.util.threads.ThreadPoolExecutor$Worker.run(ThreadPoolExecutor.java:659)
	at org.apache.tomcat.util.threads.TaskThread$WrappingRunnable.run(TaskThread.java:61)
	at java.base/java.lang.Thread.run(Thread.java:829)
2023-01-25 11:02:06,004 ERROR org.apache.catalina.core.ContainerBase.[Tomcat].[localhost].[/].[dispatcherServlet] [http-nio-8082-exec-2] Servlet.service() for servlet [dispatcherServlet] in context with path [] threw exception [Request processing failed; nested exception is com.blink.mediamanager.MediaException: com.amazonaws.services.s3.model.AmazonS3Exception: The specified key does not exist. (Service: Amazon S3; Status Code: 404; Error Code: NoSuchKey; Request ID: NWGM2GG4H5ZJQWYS; S3 Extended Request ID: XcSXWX+e5ijIuWtVDdKIobaMG08V07okZtbDMJKo+EgUpG2Xp4FECxi9ng3hjUZNXuYRzcKhbRs=; Proxy: null), S3 Extended Request ID: XcSXWX+e5ijIuWtVDdKIobaMG08V07okZtbDMJKo+EgUpG2Xp4FECxi9ng3hjUZNXuYRzcKhbRs=] with root cause
com.amazonaws.services.s3.model.AmazonS3Exception: The specified key does not exist. (Service: Amazon S3; Status Code: 404; Error Code: NoSuchKey; Request ID: NWGM2GG4H5ZJQWYS; S3 Extended Request ID: XcSXWX+e5ijIuWtVDdKIobaMG08V07okZtbDMJKo+EgUpG2Xp4FECxi9ng3hjUZNXuYRzcKhbRs=; Proxy: null)
	at com.amazonaws.http.AmazonHttpClient$RequestExecutor.handleErrorResponse(AmazonHttpClient.java:1879)
	at com.amazonaws.http.AmazonHttpClient$RequestExecutor.handleServiceErrorResponse(AmazonHttpClient.java:1418)
	at com.amazonaws.http.AmazonHttpClient$RequestExecutor.executeOneRequest(AmazonHttpClient.java:1387)
	at com.amazonaws.http.AmazonHttpClient$RequestExecutor.executeHelper(AmazonHttpClient.java:1157)
	at com.amazonaws.http.AmazonHttpClient$RequestExecutor.doExecute(AmazonHttpClient.java:814)
	at com.amazonaws.http.AmazonHttpClient$RequestExecutor.executeWithTimer(AmazonHttpClient.java:781)
	at com.amazonaws.http.AmazonHttpClient$RequestExecutor.execute(AmazonHttpClient.java:755)
	at com.amazonaws.http.AmazonHttpClient$RequestExecutor.access$500(AmazonHttpClient.java:715)
	at com.amazonaws.http.AmazonHttpClient$RequestExecutionBuilderImpl.execute(AmazonHttpClient.java:697)
	at com.amazonaws.http.AmazonHttpClient.execute(AmazonHttpClient.java:561)
	at com.amazonaws.http.AmazonHttpClient.execute(AmazonHttpClient.java:541)
	at com.amazonaws.services.s3.AmazonS3Client.invoke(AmazonS3Client.java:5456)
	at com.amazonaws.services.s3.AmazonS3Client.invoke(AmazonS3Client.java:5403)
	at com.amazonaws.services.s3.AmazonS3Client.getObject(AmazonS3Client.java:1524)
	at com.amazonaws.services.s3.AmazonS3Client.getObject(AmazonS3Client.java:1378)
	at com.blink.mediamanager.s3.MediaS3.get(MediaS3.java:78)
	at com.blink.mediaserver.controller.MediaController.get(MediaController.java:120)
	at java.base/jdk.internal.reflect.NativeMethodAccessorImpl.invoke0(Native Method)
	at java.base/jdk.internal.reflect.NativeMethodAccessorImpl.invoke(NativeMethodAccessorImpl.java:62)
	at java.base/jdk.internal.reflect.DelegatingMethodAccessorImpl.invoke(DelegatingMethodAccessorImpl.java:43)
	at java.base/java.lang.reflect.Method.invoke(Method.java:566)
	at org.springframework.web.method.support.InvocableHandlerMethod.doInvoke(InvocableHandlerMethod.java:205)
	at org.springframework.web.method.support.InvocableHandlerMethod.invokeForRequest(InvocableHandlerMethod.java:150)
	at org.springframework.web.servlet.mvc.method.annotation.ServletInvocableHandlerMethod.invokeAndHandle(ServletInvocableHandlerMethod.java:117)
	at org.springframework.web.servlet.mvc.method.annotation.RequestMappingHandlerAdapter.invokeHandlerMethod(RequestMappingHandlerAdapter.java:895)
	at org.springframework.web.servlet.mvc.method.annotation.RequestMappingHandlerAdapter.handleInternal(RequestMappingHandlerAdapter.java:808)
	at org.springframework.web.servlet.mvc.method.AbstractHandlerMethodAdapter.handle(AbstractHandlerMethodAdapter.java:87)
	at org.springframework.web.servlet.DispatcherServlet.doDispatch(DispatcherServlet.java:1071)
	at org.springframework.web.servlet.DispatcherServlet.doService(DispatcherServlet.java:964)
	at org.springframework.web.servlet.FrameworkServlet.processRequest(FrameworkServlet.java:1006)
	at org.springframework.web.servlet.FrameworkServlet.doGet(FrameworkServlet.java:898)
	at javax.servlet.http.HttpServlet.service(HttpServlet.java:670)
	at org.springframework.web.servlet.FrameworkServlet.service(FrameworkServlet.java:883)
	at javax.servlet.http.HttpServlet.service(HttpServlet.java:779)
	at org.apache.catalina.core.ApplicationFilterChain.internalDoFilter(ApplicationFilterChain.java:227)
	at org.apache.catalina.core.ApplicationFilterChain.doFilter(ApplicationFilterChain.java:162)
	at org.apache.tomcat.websocket.server.WsFilter.doFilter(WsFilter.java:53)
	at org.apache.catalina.core.ApplicationFilterChain.internalDoFilter(ApplicationFilterChain.java:189)
	at org.apache.catalina.core.ApplicationFilterChain.doFilter(ApplicationFilterChain.java:162)
	at org.springframework.web.filter.CharacterEncodingFilter.doFilterInternal(CharacterEncodingFilter.java:201)
	at org.springframework.web.filter.OncePerRequestFilter.doFilter(OncePerRequestFilter.java:117)
	at org.apache.catalina.core.ApplicationFilterChain.internalDoFilter(ApplicationFilterChain.java:189)
	at org.apache.catalina.core.ApplicationFilterChain.doFilter(ApplicationFilterChain.java:162)
	at org.apache.catalina.core.StandardWrapperValve.invoke(StandardWrapperValve.java:177)
	at org.apache.catalina.core.StandardContextValve.invoke(StandardContextValve.java:97)
	at org.apache.catalina.authenticator.AuthenticatorBase.invoke(AuthenticatorBase.java:541)
	at org.apache.catalina.core.StandardHostValve.invoke(StandardHostValve.java:135)
	at org.apache.catalina.valves.ErrorReportValve.invoke(ErrorReportValve.java:92)
	at org.apache.catalina.core.StandardEngineValve.invoke(StandardEngineValve.java:78)
	at org.apache.catalina.connector.CoyoteAdapter.service(CoyoteAdapter.java:360)
	at org.apache.coyote.http11.Http11Processor.service(Http11Processor.java:399)
	at org.apache.coyote.AbstractProcessorLight.process(AbstractProcessorLight.java:65)
	at org.apache.coyote.AbstractProtocol$ConnectionHandler.process(AbstractProtocol.java:891)
	at org.apache.tomcat.util.net.NioEndpoint$SocketProcessor.doRun(NioEndpoint.java:1784)
	at org.apache.tomcat.util.net.SocketProcessorBase.run(SocketProcessorBase.java:49)
	at org.apache.tomcat.util.threads.ThreadPoolExecutor.runWorker(ThreadPoolExecutor.java:1191)
	at org.apache.tomcat.util.threads.ThreadPoolExecutor$Worker.run(ThreadPoolExecutor.java:659)
	at org.apache.tomcat.util.threads.TaskThread$WrappingRunnable.run(TaskThread.java:61)
	at java.base/java.lang.Thread.run(Thread.java:829)
2023-01-25 11:02:06,118 ERROR org.apache.catalina.core.ContainerBase.[Tomcat].[localhost].[/].[dispatcherServlet] [http-nio-8082-exec-6] Servlet.service() for servlet [dispatcherServlet] in context with path [] threw exception [Request processing failed; nested exception is com.blink.mediamanager.MediaException: com.amazonaws.services.s3.model.AmazonS3Exception: The specified key does not exist. (Service: Amazon S3; Status Code: 404; Error Code: NoSuchKey; Request ID: NWGZ4HYRVVX8DMAM; S3 Extended Request ID: sbWb+rnO+9m756EJsS/eXHbT8A6eJdc4cA7kgrO+LgbBAdk+S368utrxlcdTNCOwAoEmCUx/nKc=; Proxy: null), S3 Extended Request ID: sbWb+rnO+9m756EJsS/eXHbT8A6eJdc4cA7kgrO+LgbBAdk+S368utrxlcdTNCOwAoEmCUx/nKc=] with root cause
com.amazonaws.services.s3.model.AmazonS3Exception: The specified key does not exist. (Service: Amazon S3; Status Code: 404; Error Code: NoSuchKey; Request ID: NWGZ4HYRVVX8DMAM; S3 Extended Request ID: sbWb+rnO+9m756EJsS/eXHbT8A6eJdc4cA7kgrO+LgbBAdk+S368utrxlcdTNCOwAoEmCUx/nKc=; Proxy: null)
	at com.amazonaws.http.AmazonHttpClient$RequestExecutor.handleErrorResponse(AmazonHttpClient.java:1879)
	at com.amazonaws.http.AmazonHttpClient$RequestExecutor.handleServiceErrorResponse(AmazonHttpClient.java:1418)
	at com.amazonaws.http.AmazonHttpClient$RequestExecutor.executeOneRequest(AmazonHttpClient.java:1387)
	at com.amazonaws.http.AmazonHttpClient$RequestExecutor.executeHelper(AmazonHttpClient.java:1157)
	at com.amazonaws.http.AmazonHttpClient$RequestExecutor.doExecute(AmazonHttpClient.java:814)
	at com.amazonaws.http.AmazonHttpClient$RequestExecutor.executeWithTimer(AmazonHttpClient.java:781)
	at com.amazonaws.http.AmazonHttpClient$RequestExecutor.execute(AmazonHttpClient.java:755)
	at com.amazonaws.http.AmazonHttpClient$RequestExecutor.access$500(AmazonHttpClient.java:715)
	at com.amazonaws.http.AmazonHttpClient$RequestExecutionBuilderImpl.execute(AmazonHttpClient.java:697)
	at com.amazonaws.http.AmazonHttpClient.execute(AmazonHttpClient.java:561)
	at com.amazonaws.http.AmazonHttpClient.execute(AmazonHttpClient.java:541)
	at com.amazonaws.services.s3.AmazonS3Client.invoke(AmazonS3Client.java:5456)
	at com.amazonaws.services.s3.AmazonS3Client.invoke(AmazonS3Client.java:5403)
	at com.amazonaws.services.s3.AmazonS3Client.getObject(AmazonS3Client.java:1524)
	at com.amazonaws.services.s3.AmazonS3Client.getObject(AmazonS3Client.java:1378)
	at com.blink.mediamanager.s3.MediaS3.get(MediaS3.java:78)
	at com.blink.mediaserver.controller.MediaController.get(MediaController.java:120)
	at java.base/jdk.internal.reflect.NativeMethodAccessorImpl.invoke0(Native Method)
	at java.base/jdk.internal.reflect.NativeMethodAccessorImpl.invoke(NativeMethodAccessorImpl.java:62)
	at java.base/jdk.internal.reflect.DelegatingMethodAccessorImpl.invoke(DelegatingMethodAccessorImpl.java:43)
	at java.base/java.lang.reflect.Method.invoke(Method.java:566)
	at org.springframework.web.method.support.InvocableHandlerMethod.doInvoke(InvocableHandlerMethod.java:205)
	at org.springframework.web.method.support.InvocableHandlerMethod.invokeForRequest(InvocableHandlerMethod.java:150)
	at org.springframework.web.servlet.mvc.method.annotation.ServletInvocableHandlerMethod.invokeAndHandle(ServletInvocableHandlerMethod.java:117)
	at org.springframework.web.servlet.mvc.method.annotation.RequestMappingHandlerAdapter.invokeHandlerMethod(RequestMappingHandlerAdapter.java:895)
	at org.springframework.web.servlet.mvc.method.annotation.RequestMappingHandlerAdapter.handleInternal(RequestMappingHandlerAdapter.java:808)
	at org.springframework.web.servlet.mvc.method.AbstractHandlerMethodAdapter.handle(AbstractHandlerMethodAdapter.java:87)
	at org.springframework.web.servlet.DispatcherServlet.doDispatch(DispatcherServlet.java:1071)
	at org.springframework.web.servlet.DispatcherServlet.doService(DispatcherServlet.java:964)
	at org.springframework.web.servlet.FrameworkServlet.processRequest(FrameworkServlet.java:1006)
	at org.springframework.web.servlet.FrameworkServlet.doGet(FrameworkServlet.java:898)
	at javax.servlet.http.HttpServlet.service(HttpServlet.java:670)
	at org.springframework.web.servlet.FrameworkServlet.service(FrameworkServlet.java:883)
	at javax.servlet.http.HttpServlet.service(HttpServlet.java:779)
	at org.apache.catalina.core.ApplicationFilterChain.internalDoFilter(ApplicationFilterChain.java:227)
	at org.apache.catalina.core.ApplicationFilterChain.doFilter(ApplicationFilterChain.java:162)
	at org.apache.tomcat.websocket.server.WsFilter.doFilter(WsFilter.java:53)
	at org.apache.catalina.core.ApplicationFilterChain.internalDoFilter(ApplicationFilterChain.java:189)
	at org.apache.catalina.core.ApplicationFilterChain.doFilter(ApplicationFilterChain.java:162)
	at org.springframework.web.filter.CharacterEncodingFilter.doFilterInternal(CharacterEncodingFilter.java:201)
	at org.springframework.web.filter.OncePerRequestFilter.doFilter(OncePerRequestFilter.java:117)
	at org.apache.catalina.core.ApplicationFilterChain.internalDoFilter(ApplicationFilterChain.java:189)
	at org.apache.catalina.core.ApplicationFilterChain.doFilter(ApplicationFilterChain.java:162)
	at org.apache.catalina.core.StandardWrapperValve.invoke(StandardWrapperValve.java:177)
	at org.apache.catalina.core.StandardContextValve.invoke(StandardContextValve.java:97)
	at org.apache.catalina.authenticator.AuthenticatorBase.invoke(AuthenticatorBase.java:541)
	at org.apache.catalina.core.StandardHostValve.invoke(StandardHostValve.java:135)
	at org.apache.catalina.valves.ErrorReportValve.invoke(ErrorReportValve.java:92)
	at org.apache.catalina.core.StandardEngineValve.invoke(StandardEngineValve.java:78)
	at org.apache.catalina.connector.CoyoteAdapter.service(CoyoteAdapter.java:360)
	at org.apache.coyote.http11.Http11Processor.service(Http11Processor.java:399)
	at org.apache.coyote.AbstractProcessorLight.process(AbstractProcessorLight.java:65)
	at org.apache.coyote.AbstractProtocol$ConnectionHandler.process(AbstractProtocol.java:891)
	at org.apache.tomcat.util.net.NioEndpoint$SocketProcessor.doRun(NioEndpoint.java:1784)
	at org.apache.tomcat.util.net.SocketProcessorBase.run(SocketProcessorBase.java:49)
	at org.apache.tomcat.util.threads.ThreadPoolExecutor.runWorker(ThreadPoolExecutor.java:1191)
	at org.apache.tomcat.util.threads.ThreadPoolExecutor$Worker.run(ThreadPoolExecutor.java:659)
	at org.apache.tomcat.util.threads.TaskThread$WrappingRunnable.run(TaskThread.java:61)
	at java.base/java.lang.Thread.run(Thread.java:829)
2023-01-25 11:03:12,246 WARN com.amazonaws.services.s3.AmazonS3Client [http-nio-8082-exec-3] No content length specified for stream data.  Stream contents will be buffered in memory and could result in out of memory errors.
2023-01-25 11:03:12,321 WARN com.amazonaws.util.Base64 [http-nio-8082-exec-3] JAXB is unavailable. Will fallback to SDK implementation which may be less performant.If you are using Java 9+, you will need to include javax.xml.bind:jaxb-api as a dependency.
2023-01-25 11:03:44,090 ERROR org.apache.catalina.core.ContainerBase.[Tomcat].[localhost].[/].[dispatcherServlet] [http-nio-8082-exec-6] Servlet.service() for servlet [dispatcherServlet] in context with path [] threw exception [Could not resolve view with name 'sss' in servlet with name 'dispatcherServlet'] with root cause
javax.servlet.ServletException: Could not resolve view with name 'sss' in servlet with name 'dispatcherServlet'
	at org.springframework.web.servlet.DispatcherServlet.render(DispatcherServlet.java:1384)
	at org.springframework.web.servlet.DispatcherServlet.processDispatchResult(DispatcherServlet.java:1149)
	at org.springframework.web.servlet.DispatcherServlet.doDispatch(DispatcherServlet.java:1088)
	at org.springframework.web.servlet.DispatcherServlet.doService(DispatcherServlet.java:964)
	at org.springframework.web.servlet.FrameworkServlet.processRequest(FrameworkServlet.java:1006)
	at org.springframework.web.servlet.FrameworkServlet.doGet(FrameworkServlet.java:898)
	at javax.servlet.http.HttpServlet.service(HttpServlet.java:670)
	at org.springframework.web.servlet.FrameworkServlet.service(FrameworkServlet.java:883)
	at javax.servlet.http.HttpServlet.service(HttpServlet.java:779)
	at org.apache.catalina.core.ApplicationFilterChain.internalDoFilter(ApplicationFilterChain.java:227)
	at org.apache.catalina.core.ApplicationFilterChain.doFilter(ApplicationFilterChain.java:162)
	at org.apache.tomcat.websocket.server.WsFilter.doFilter(WsFilter.java:53)
	at org.apache.catalina.core.ApplicationFilterChain.internalDoFilter(ApplicationFilterChain.java:189)
	at org.apache.catalina.core.ApplicationFilterChain.doFilter(ApplicationFilterChain.java:162)
	at org.springframework.web.filter.CharacterEncodingFilter.doFilterInternal(CharacterEncodingFilter.java:201)
	at org.springframework.web.filter.OncePerRequestFilter.doFilter(OncePerRequestFilter.java:117)
	at org.apache.catalina.core.ApplicationFilterChain.internalDoFilter(ApplicationFilterChain.java:189)
	at org.apache.catalina.core.ApplicationFilterChain.doFilter(ApplicationFilterChain.java:162)
	at org.apache.catalina.core.StandardWrapperValve.invoke(StandardWrapperValve.java:177)
	at org.apache.catalina.core.StandardContextValve.invoke(StandardContextValve.java:97)
	at org.apache.catalina.authenticator.AuthenticatorBase.invoke(AuthenticatorBase.java:541)
	at org.apache.catalina.core.StandardHostValve.invoke(StandardHostValve.java:135)
	at org.apache.catalina.valves.ErrorReportValve.invoke(ErrorReportValve.java:92)
	at org.apache.catalina.core.StandardEngineValve.invoke(StandardEngineValve.java:78)
	at org.apache.catalina.connector.CoyoteAdapter.service(CoyoteAdapter.java:360)
	at org.apache.coyote.http11.Http11Processor.service(Http11Processor.java:399)
	at org.apache.coyote.AbstractProcessorLight.process(AbstractProcessorLight.java:65)
	at org.apache.coyote.AbstractProtocol$ConnectionHandler.process(AbstractProtocol.java:891)
	at org.apache.tomcat.util.net.NioEndpoint$SocketProcessor.doRun(NioEndpoint.java:1784)
	at org.apache.tomcat.util.net.SocketProcessorBase.run(SocketProcessorBase.java:49)
	at org.apache.tomcat.util.threads.ThreadPoolExecutor.runWorker(ThreadPoolExecutor.java:1191)
	at org.apache.tomcat.util.threads.ThreadPoolExecutor$Worker.run(ThreadPoolExecutor.java:659)
	at org.apache.tomcat.util.threads.TaskThread$WrappingRunnable.run(TaskThread.java:61)
	at java.base/java.lang.Thread.run(Thread.java:829)
2023-01-25 11:04:40,196 ERROR org.apache.catalina.core.ContainerBase.[Tomcat].[localhost].[/].[dispatcherServlet] [http-nio-8082-exec-5] Servlet.service() for servlet [dispatcherServlet] in context with path [] threw exception [Could not resolve view with name 'sss' in servlet with name 'dispatcherServlet'] with root cause
javax.servlet.ServletException: Could not resolve view with name 'sss' in servlet with name 'dispatcherServlet'
	at org.springframework.web.servlet.DispatcherServlet.render(DispatcherServlet.java:1384)
	at org.springframework.web.servlet.DispatcherServlet.processDispatchResult(DispatcherServlet.java:1149)
	at org.springframework.web.servlet.DispatcherServlet.doDispatch(DispatcherServlet.java:1088)
	at org.springframework.web.servlet.DispatcherServlet.doService(DispatcherServlet.java:964)
	at org.springframework.web.servlet.FrameworkServlet.processRequest(FrameworkServlet.java:1006)
	at org.springframework.web.servlet.FrameworkServlet.doGet(FrameworkServlet.java:898)
	at javax.servlet.http.HttpServlet.service(HttpServlet.java:670)
	at org.springframework.web.servlet.FrameworkServlet.service(FrameworkServlet.java:883)
	at javax.servlet.http.HttpServlet.service(HttpServlet.java:779)
	at org.apache.catalina.core.ApplicationFilterChain.internalDoFilter(ApplicationFilterChain.java:227)
	at org.apache.catalina.core.ApplicationFilterChain.doFilter(ApplicationFilterChain.java:162)
	at org.apache.tomcat.websocket.server.WsFilter.doFilter(WsFilter.java:53)
	at org.apache.catalina.core.ApplicationFilterChain.internalDoFilter(ApplicationFilterChain.java:189)
	at org.apache.catalina.core.ApplicationFilterChain.doFilter(ApplicationFilterChain.java:162)
	at org.springframework.web.filter.CharacterEncodingFilter.doFilterInternal(CharacterEncodingFilter.java:201)
	at org.springframework.web.filter.OncePerRequestFilter.doFilter(OncePerRequestFilter.java:117)
	at org.apache.catalina.core.ApplicationFilterChain.internalDoFilter(ApplicationFilterChain.java:189)
	at org.apache.catalina.core.ApplicationFilterChain.doFilter(ApplicationFilterChain.java:162)
	at org.apache.catalina.core.StandardWrapperValve.invoke(StandardWrapperValve.java:177)
	at org.apache.catalina.core.StandardContextValve.invoke(StandardContextValve.java:97)
	at org.apache.catalina.authenticator.AuthenticatorBase.invoke(AuthenticatorBase.java:541)
	at org.apache.catalina.core.StandardHostValve.invoke(StandardHostValve.java:135)
	at org.apache.catalina.valves.ErrorReportValve.invoke(ErrorReportValve.java:92)
	at org.apache.catalina.core.StandardEngineValve.invoke(StandardEngineValve.java:78)
	at org.apache.catalina.connector.CoyoteAdapter.service(CoyoteAdapter.java:360)
	at org.apache.coyote.http11.Http11Processor.service(Http11Processor.java:399)
	at org.apache.coyote.AbstractProcessorLight.process(AbstractProcessorLight.java:65)
	at org.apache.coyote.AbstractProtocol$ConnectionHandler.process(AbstractProtocol.java:891)
	at org.apache.tomcat.util.net.NioEndpoint$SocketProcessor.doRun(NioEndpoint.java:1784)
	at org.apache.tomcat.util.net.SocketProcessorBase.run(SocketProcessorBase.java:49)
	at org.apache.tomcat.util.threads.ThreadPoolExecutor.runWorker(ThreadPoolExecutor.java:1191)
	at org.apache.tomcat.util.threads.ThreadPoolExecutor$Worker.run(ThreadPoolExecutor.java:659)
	at org.apache.tomcat.util.threads.TaskThread$WrappingRunnable.run(TaskThread.java:61)
	at java.base/java.lang.Thread.run(Thread.java:829)
2023-01-25 11:04:44,211 ERROR org.apache.catalina.core.ContainerBase.[Tomcat].[localhost].[/].[dispatcherServlet] [http-nio-8082-exec-4] Servlet.service() for servlet [dispatcherServlet] in context with path [] threw exception [Could not resolve view with name 'sss' in servlet with name 'dispatcherServlet'] with root cause
javax.servlet.ServletException: Could not resolve view with name 'sss' in servlet with name 'dispatcherServlet'
	at org.springframework.web.servlet.DispatcherServlet.render(DispatcherServlet.java:1384)
	at org.springframework.web.servlet.DispatcherServlet.processDispatchResult(DispatcherServlet.java:1149)
	at org.springframework.web.servlet.DispatcherServlet.doDispatch(DispatcherServlet.java:1088)
	at org.springframework.web.servlet.DispatcherServlet.doService(DispatcherServlet.java:964)
	at org.springframework.web.servlet.FrameworkServlet.processRequest(FrameworkServlet.java:1006)
	at org.springframework.web.servlet.FrameworkServlet.doGet(FrameworkServlet.java:898)
	at javax.servlet.http.HttpServlet.service(HttpServlet.java:670)
	at org.springframework.web.servlet.FrameworkServlet.service(FrameworkServlet.java:883)
	at javax.servlet.http.HttpServlet.service(HttpServlet.java:779)
	at org.apache.catalina.core.ApplicationFilterChain.internalDoFilter(ApplicationFilterChain.java:227)
	at org.apache.catalina.core.ApplicationFilterChain.doFilter(ApplicationFilterChain.java:162)
	at org.apache.tomcat.websocket.server.WsFilter.doFilter(WsFilter.java:53)
	at org.apache.catalina.core.ApplicationFilterChain.internalDoFilter(ApplicationFilterChain.java:189)
	at org.apache.catalina.core.ApplicationFilterChain.doFilter(ApplicationFilterChain.java:162)
	at org.springframework.web.filter.CharacterEncodingFilter.doFilterInternal(CharacterEncodingFilter.java:201)
	at org.springframework.web.filter.OncePerRequestFilter.doFilter(OncePerRequestFilter.java:117)
	at org.apache.catalina.core.ApplicationFilterChain.internalDoFilter(ApplicationFilterChain.java:189)
	at org.apache.catalina.core.ApplicationFilterChain.doFilter(ApplicationFilterChain.java:162)
	at org.apache.catalina.core.StandardWrapperValve.invoke(StandardWrapperValve.java:177)
	at org.apache.catalina.core.StandardContextValve.invoke(StandardContextValve.java:97)
	at org.apache.catalina.authenticator.AuthenticatorBase.invoke(AuthenticatorBase.java:541)
	at org.apache.catalina.core.StandardHostValve.invoke(StandardHostValve.java:135)
	at org.apache.catalina.valves.ErrorReportValve.invoke(ErrorReportValve.java:92)
	at org.apache.catalina.core.StandardEngineValve.invoke(StandardEngineValve.java:78)
	at org.apache.catalina.connector.CoyoteAdapter.service(CoyoteAdapter.java:360)
	at org.apache.coyote.http11.Http11Processor.service(Http11Processor.java:399)
	at org.apache.coyote.AbstractProcessorLight.process(AbstractProcessorLight.java:65)
	at org.apache.coyote.AbstractProtocol$ConnectionHandler.process(AbstractProtocol.java:891)
	at org.apache.tomcat.util.net.NioEndpoint$SocketProcessor.doRun(NioEndpoint.java:1784)
	at org.apache.tomcat.util.net.SocketProcessorBase.run(SocketProcessorBase.java:49)
	at org.apache.tomcat.util.threads.ThreadPoolExecutor.runWorker(ThreadPoolExecutor.java:1191)
	at org.apache.tomcat.util.threads.ThreadPoolExecutor$Worker.run(ThreadPoolExecutor.java:659)
	at org.apache.tomcat.util.threads.TaskThread$WrappingRunnable.run(TaskThread.java:61)
	at java.base/java.lang.Thread.run(Thread.java:829)
2023-01-25 11:05:41,919 WARN com.amazonaws.services.s3.AmazonS3Client [http-nio-8082-exec-10] No content length specified for stream data.  Stream contents will be buffered in memory and could result in out of memory errors.
2023-01-25 11:07:55,056 ERROR org.apache.catalina.core.ContainerBase.[Tomcat].[localhost].[/].[dispatcherServlet] [http-nio-8082-exec-7] Servlet.service() for servlet [dispatcherServlet] in context with path [] threw exception [Could not resolve view with name 'images' in servlet with name 'dispatcherServlet'] with root cause
javax.servlet.ServletException: Could not resolve view with name 'images' in servlet with name 'dispatcherServlet'
	at org.springframework.web.servlet.DispatcherServlet.render(DispatcherServlet.java:1384)
	at org.springframework.web.servlet.DispatcherServlet.processDispatchResult(DispatcherServlet.java:1149)
	at org.springframework.web.servlet.DispatcherServlet.doDispatch(DispatcherServlet.java:1088)
	at org.springframework.web.servlet.DispatcherServlet.doService(DispatcherServlet.java:964)
	at org.springframework.web.servlet.FrameworkServlet.processRequest(FrameworkServlet.java:1006)
	at org.springframework.web.servlet.FrameworkServlet.doGet(FrameworkServlet.java:898)
	at javax.servlet.http.HttpServlet.service(HttpServlet.java:670)
	at org.springframework.web.servlet.FrameworkServlet.service(FrameworkServlet.java:883)
	at javax.servlet.http.HttpServlet.service(HttpServlet.java:779)
	at org.apache.catalina.core.ApplicationFilterChain.internalDoFilter(ApplicationFilterChain.java:227)
	at org.apache.catalina.core.ApplicationFilterChain.doFilter(ApplicationFilterChain.java:162)
	at org.apache.tomcat.websocket.server.WsFilter.doFilter(WsFilter.java:53)
	at org.apache.catalina.core.ApplicationFilterChain.internalDoFilter(ApplicationFilterChain.java:189)
	at org.apache.catalina.core.ApplicationFilterChain.doFilter(ApplicationFilterChain.java:162)
	at org.springframework.web.filter.CharacterEncodingFilter.doFilterInternal(CharacterEncodingFilter.java:201)
	at org.springframework.web.filter.OncePerRequestFilter.doFilter(OncePerRequestFilter.java:117)
	at org.apache.catalina.core.ApplicationFilterChain.internalDoFilter(ApplicationFilterChain.java:189)
	at org.apache.catalina.core.ApplicationFilterChain.doFilter(ApplicationFilterChain.java:162)
	at org.apache.catalina.core.StandardWrapperValve.invoke(StandardWrapperValve.java:177)
	at org.apache.catalina.core.StandardContextValve.invoke(StandardContextValve.java:97)
	at org.apache.catalina.authenticator.AuthenticatorBase.invoke(AuthenticatorBase.java:541)
	at org.apache.catalina.core.StandardHostValve.invoke(StandardHostValve.java:135)
	at org.apache.catalina.valves.ErrorReportValve.invoke(ErrorReportValve.java:92)
	at org.apache.catalina.core.StandardEngineValve.invoke(StandardEngineValve.java:78)
	at org.apache.catalina.connector.CoyoteAdapter.service(CoyoteAdapter.java:360)
	at org.apache.coyote.http11.Http11Processor.service(Http11Processor.java:399)
	at org.apache.coyote.AbstractProcessorLight.process(AbstractProcessorLight.java:65)
	at org.apache.coyote.AbstractProtocol$ConnectionHandler.process(AbstractProtocol.java:891)
	at org.apache.tomcat.util.net.NioEndpoint$SocketProcessor.doRun(NioEndpoint.java:1784)
	at org.apache.tomcat.util.net.SocketProcessorBase.run(SocketProcessorBase.java:49)
	at org.apache.tomcat.util.threads.ThreadPoolExecutor.runWorker(ThreadPoolExecutor.java:1191)
	at org.apache.tomcat.util.threads.ThreadPoolExecutor$Worker.run(ThreadPoolExecutor.java:659)
	at org.apache.tomcat.util.threads.TaskThread$WrappingRunnable.run(TaskThread.java:61)
	at java.base/java.lang.Thread.run(Thread.java:829)
2023-01-25 11:09:35,752 INFO com.blink.mediaserver.MediaServer [main] Starting MediaServer using Java 11.0.18 on DESKTOP-IAHSDFG with PID 9988 (C:\Users\t3rry327\IdeaProjects\mediaserver\target\classes started by t3rry327 in C:\Users\t3rry327\IdeaProjects\mediaserver)
2023-01-25 11:09:35,755 INFO com.blink.mediaserver.MediaServer [main] No active profile set, falling back to 1 default profile: "default"
2023-01-25 11:09:36,901 INFO org.apache.catalina.core.StandardService [main] Starting service [Tomcat]
2023-01-25 11:09:36,901 INFO org.apache.catalina.core.StandardEngine [main] Starting Servlet engine: [Apache Tomcat/9.0.70]
2023-01-25 11:09:37,049 INFO org.apache.catalina.core.ContainerBase.[Tomcat].[localhost].[/] [main] Initializing Spring embedded WebApplicationContext
2023-01-25 11:09:38,254 INFO com.blink.mediaserver.MediaServer [main] Started MediaServer in 2.921 seconds (JVM running for 3.817)
2023-01-25 11:09:49,337 INFO org.apache.catalina.core.ContainerBase.[Tomcat].[localhost].[/] [http-nio-8082-exec-2] Initializing Spring DispatcherServlet 'dispatcherServlet'
